#
# There is insufficient memory for the Java Runtime Environment to continue.
# Native memory allocation (mmap) failed to map 65536 bytes. Error detail: Failed to commit metaspace.
# Possible reasons:
#   The system is out of physical RAM or swap space
#   This process is running with CompressedOops enabled, and the Java Heap may be blocking the growth of the native heap
# Possible solutions:
#   Reduce memory load on the system
#   Increase physical memory or swap space
#   Check if swap backing store is full
#   Decrease Java heap size (-Xmx/-Xms)
#   Decrease number of Java threads
#   Decrease Java thread stack sizes (-Xss)
#   Set larger code cache with -XX:ReservedCodeCacheSize=
#   JVM is running with Zero Based Compressed Oops mode in which the Java heap is
#     placed in the first 32GB address space. The Java Heap base address is the
#     maximum limit for the native heap growth. Please use -XX:HeapBaseMinAddress
#     to set the Java Heap base and to place the Java Heap above 32GB virtual address.
# This output file may be truncated or incomplete.
#
#  Out of Memory Error (virtualSpaceNode.cpp:113), pid=19472, tid=24732
#
# JRE version: OpenJDK Runtime Environment Corretto-21.0.9.10.1 (21.0.9+10) (build 21.0.9+10-LTS)
# Java VM: OpenJDK 64-Bit Server VM Corretto-21.0.9.10.1 (21.0.9+10-LTS, mixed mode, emulated-client, sharing, tiered, compressed oops, compressed class ptrs, g1 gc, windows-amd64)
# No core dump will be written. Minidumps are not enabled by default on client versions of Windows
#

---------------  S U M M A R Y ------------

Command Line: -XX:TieredStopAtLevel=1 -Dspring.output.ansi.enabled=always -Dcom.sun.management.jmxremote -Dspring.jmx.enabled=true -Dspring.liveBeansView.mbeanDomain -Dspring.application.admin.enabled=true -Dmanagement.endpoints.jmx.exposure.include=* -javaagent:C:\Program Files\JetBrains\IntelliJ IDEA 2024.3\lib\idea_rt.jar=63255:C:\Program Files\JetBrains\IntelliJ IDEA 2024.3\bin -Dfile.encoding=UTF-8 -Dsun.stdout.encoding=UTF-8 -Dsun.stderr.encoding=UTF-8 com.pfa.fairseatdiscovery.FairseatDiscoveryApplication

Host: 11th Gen Intel(R) Core(TM) i7-1165G7 @ 2.80GHz, 8 cores, 15G,  Windows 11 , 64 bit Build 26100 (10.0.26100.8328)
Time: Wed Jun 10 15:14:06 2026 elapsed time: 2.144875 seconds (0d 0h 0m 2s)

---------------  T H R E A D  ---------------

Current thread (0x0000025d1b0b4370):  JavaThread "Attach Listener" daemon [_thread_in_vm, id=24732, stack(0x000000907f700000,0x000000907f800000) (1024K)]

Stack: [0x000000907f700000,0x000000907f800000]
Native frames: (J=compiled Java code, j=interpreted, Vv=VM code, C=native code)
V  [jvm.dll+0x6de6a9]
V  [jvm.dll+0x8bbdeb]
V  [jvm.dll+0x8be37a]
V  [jvm.dll+0x8bea53]
V  [jvm.dll+0x28a1d6]
V  [jvm.dll+0x8b7b58]
V  [jvm.dll+0x680164]
V  [jvm.dll+0x6801ca]
V  [jvm.dll+0x6829db]
V  [jvm.dll+0x6828a2]
V  [jvm.dll+0x680b3e]
V  [jvm.dll+0x273c40]
V  [jvm.dll+0x68b015]
V  [jvm.dll+0x21f76b]
V  [jvm.dll+0x21fc15]
V  [jvm.dll+0x2205fc]
V  [jvm.dll+0x215aee]
V  [jvm.dll+0x5bd55f]
V  [jvm.dll+0x22724e]
V  [jvm.dll+0x834a4a]
V  [jvm.dll+0x835aaf]
V  [jvm.dll+0x836066]
V  [jvm.dll+0x835d08]
V  [jvm.dll+0x2775e1]
V  [jvm.dll+0x3e372e]
C  0x0000025d106b8eb4

The last pc belongs to new (printed below).
Java frames: (J=compiled Java code, j=interpreted, Vv=VM code)
j  java.io.ObjectInputFilter$Config.<clinit>()V+26 java.base@21.0.9
v  ~StubRoutines::call_stub 0x0000025d106a10e7
j  javax.management.remote.rmi.RMIJRMPServerImpl.<init>(ILjava/rmi/server/RMIClientSocketFactory;Ljava/rmi/server/RMIServerSocketFactory;Ljava/util/Map;)V+116 java.management.rmi@21.0.9
j  javax.management.remote.rmi.RMIConnectorServer.newJRMPServer(Ljava/util/Map;I)Ljavax/management/remote/rmi/RMIServerImpl;+34 java.management.rmi@21.0.9
j  javax.management.remote.rmi.RMIConnectorServer.newServer()Ljavax/management/remote/rmi/RMIServerImpl;+25 java.management.rmi@21.0.9
j  javax.management.remote.rmi.RMIConnectorServer.start()V+220 java.management.rmi@21.0.9
j  sun.management.jmxremote.ConnectorBootstrap.startLocalConnectorServer()Ljavax/management/remote/JMXConnectorServer;+290 jdk.management.agent@21.0.9
j  jdk.internal.agent.Agent.startLocalManagementAgent()V+13 jdk.management.agent@21.0.9
v  ~StubRoutines::call_stub 0x0000025d106a10e7
new  187 new  [0x0000025d106b8d20, 0x0000025d106b8f28]  520 bytes
[MachCode]
  0x0000025d106b8d20: 4883 ec08 | c5fa 1104 | 24eb 1f48 | 83ec 10c5 | fb11 0424 | eb14 4883 | ec10 4889 | 0424 48c7 
  0x0000025d106b8d40: 4424 0800 | 0000 00eb | 0150 410f | b755 010f | cac1 ea10 | 488b 4de8 | 488b 4908 | 488b 4908 
  0x0000025d106b8d60: 488b 4108 | 807c 1004 | 070f 85d3 | 0000 0066 | 8b54 d148 | 488b 4928 | 488b 4cd1 | 0851 80b9 
  0x0000025d106b8d80: 3101 0000 | 040f 85b6 | 0000 008b | 5108 f6c2 | 010f 85aa | 0000 0049 | 8b87 b801 | 0000 488d 
  0x0000025d106b8da0: 1c10 493b | 9fc8 0100 | 000f 8792 | 0000 0049 | 899f b801 | 0000 4883 | ea10 0f84 | 0f00 0000 
  0x0000025d106b8dc0: 33c9 c1ea | 0348 894c | d008 48ff | ca75 f648 | c700 0100 | 0000 5933 | f689 700c | 49ba 0000 
  0x0000025d106b8de0: 001c 5d02 | 0000 492b | ca89 4808 | 49ba eacb | 828b fa7f | 0000 4180 | 3a00 0f84 | 3c00 0000 
  0x0000025d106b8e00: 5048 8bc8 | 4883 ec20 | 40f6 c40f | 0f84 1900 | 0000 4883 | ec08 48b8 | a053 2c8b | fa7f 0000 
  0x0000025d106b8e20: ffd0 4883 | c408 e90c | 0000 0048 | b8a0 532c | 8bfa 7f00 | 00ff d048 | 83c4 2058 | e9cb 0000 
  0x0000025d106b8e40: 0059 488b | 55e8 488b | 5208 488b | 5208 450f | b745 0141 | 0fc8 41c1 | e810 e805 | 0000 00e9 
  0x0000025d106b8e60: a800 0000 | 488d 4424 | 084c 896d | c049 8bcf | c5f8 7749 | 89af a803 | 0000 4989 | 8798 0300 
  0x0000025d106b8e80: 0048 83ec | 2040 f6c4 | 0f0f 8419 | 0000 0048 | 83ec 0848 | b8e0 36f6 | 8afa 7f00 | 00ff d048 
  0x0000025d106b8ea0: 83c4 08e9 | 0c00 0000 | 48b8 e036 | f68a fa7f | 0000 ffd0 | 4883 c420 | 49c7 8798 | 0300 0000 
  0x0000025d106b8ec0: 0000 0049 | c787 a803 | 0000 0000 | 0000 49c7 | 87a0 0300 | 0000 0000 | 00c5 f877 | 4983 7f08 
  0x0000025d106b8ee0: 000f 8405 | 0000 00e9 | 1480 feff | 498b 87f0 | 0300 0049 | c787 f003 | 0000 0000 | 0000 4c8b 
  0x0000025d106b8f00: 6dc0 4c8b | 75c8 4e8d | 74f5 00c3 | 410f b65d | 0349 83c5 | 0349 ba30 | 9585 8bfa | 7f00 0041 
  0x0000025d106b8f20: ff24 da0f | 1f44 0000 
[/MachCode]

---------------  P R O C E S S  ---------------

Threads class SMR info:
_java_thread_list=0x0000025d1b838960, length=13, elements={
0x0000025d07fa4f20, 0x0000025d1b0a9010, 0x0000025d1b0aa780, 0x0000025d1b0af430,
0x0000025d1b0b4370, 0x0000025d1b0b2b30, 0x0000025d1b0b5f80, 0x0000025d1b0b89e0,
0x0000025d1b1a0bc0, 0x0000025d1b1efc10, 0x0000025d1b72c290, 0x0000025d1b72c8f0,
0x0000025d1b842a40
}

Java Threads: ( => current thread )
  0x0000025d07fa4f20 JavaThread "main"                              [_thread_blocked, id=25092, stack(0x000000907ec00000,0x000000907ed00000) (1024K)]
  0x0000025d1b0a9010 JavaThread "Reference Handler"          daemon [_thread_blocked, id=19600, stack(0x000000907f400000,0x000000907f500000) (1024K)]
  0x0000025d1b0aa780 JavaThread "Finalizer"                  daemon [_thread_blocked, id=19908, stack(0x000000907f500000,0x000000907f600000) (1024K)]
  0x0000025d1b0af430 JavaThread "Signal Dispatcher"          daemon [_thread_blocked, id=15500, stack(0x000000907f600000,0x000000907f700000) (1024K)]
=>0x0000025d1b0b4370 JavaThread "Attach Listener"            daemon [_thread_in_vm, id=24732, stack(0x000000907f700000,0x000000907f800000) (1024K)]
  0x0000025d1b0b2b30 JavaThread "Service Thread"             daemon [_thread_blocked, id=21312, stack(0x000000907f800000,0x000000907f900000) (1024K)]
  0x0000025d1b0b5f80 JavaThread "Monitor Deflation Thread"   daemon [_thread_blocked, id=26900, stack(0x000000907f900000,0x000000907fa00000) (1024K)]
  0x0000025d1b0b89e0 JavaThread "C1 CompilerThread0"         daemon [_thread_blocked, id=24628, stack(0x000000907fa00000,0x000000907fb00000) (1024K)]
  0x0000025d1b1a0bc0 JavaThread "C1 CompilerThread1"         daemon [_thread_blocked, id=22284, stack(0x000000907fb00000,0x000000907fc00000) (1024K)]
  0x0000025d1b1efc10 JavaThread "Common-Cleaner"             daemon [_thread_blocked, id=17280, stack(0x000000907fc00000,0x000000907fd00000) (1024K)]
  0x0000025d1b72c290 JavaThread "Monitor Ctrl-Break"         daemon [_thread_in_native, id=25712, stack(0x000000907fd00000,0x000000907fe00000) (1024K)]
  0x0000025d1b72c8f0 JavaThread "Notification Thread"        daemon [_thread_blocked, id=6380, stack(0x000000907fe00000,0x000000907ff00000) (1024K)]
  0x0000025d1b842a40 JavaThread "C1 CompilerThread2"         daemon [_thread_blocked, id=15620, stack(0x000000907ff00000,0x0000009080000000) (1024K)]
Total: 13

Other Threads:
  0x0000025d1b081d00 VMThread "VM Thread"                           [id=26332, stack(0x000000907f300000,0x000000907f400000) (1024K)]
  0x0000025d1b070ef0 WatcherThread "VM Periodic Task Thread"        [id=22224, stack(0x000000907f200000,0x000000907f300000) (1024K)]
  0x0000025d080093e0 WorkerThread "GC Thread#0"                     [id=23560, stack(0x000000907ed00000,0x000000907ee00000) (1024K)]
  0x0000025d0801ad10 ConcurrentGCThread "G1 Main Marker"            [id=29284, stack(0x000000907ee00000,0x000000907ef00000) (1024K)]
  0x0000025d0801bec0 WorkerThread "G1 Conc#0"                       [id=26016, stack(0x000000907ef00000,0x000000907f000000) (1024K)]
  0x0000025d1af42860 ConcurrentGCThread "G1 Refine#0"               [id=15956, stack(0x000000907f000000,0x000000907f100000) (1024K)]
  0x0000025d1af451f0 ConcurrentGCThread "G1 Service"                [id=28204, stack(0x000000907f100000,0x000000907f200000) (1024K)]
Total: 7

Threads with active compile tasks:
Total: 0

VM state: not at safepoint (normal execution)

VM Mutex/Monitor currently owned by a thread:  ([mutex/lock_event])
[0x00007ffa8b8434f0] Metaspace_lock - owner thread: 0x0000025d1b0b4370

Heap address: 0x0000000704400000, size: 4028 MB, Compressed Oops mode: Zero based, Oop shift amount: 3

CDS archive(s) mapped at: [0x0000025d1c000000-0x0000025d1cc80000-0x0000025d1cc80000), size 13107200, SharedBaseAddress: 0x0000025d1c000000, ArchiveRelocationMode: 1.
Compressed class space mapped at: 0x0000025d1d000000-0x0000025d5d000000, reserved size: 1073741824
Narrow klass base: 0x0000025d1c000000, Narrow klass shift: 0, Narrow klass range: 0x100000000

GC Precious Log:
 CardTable entry size: 512
 Card Set container configuration: InlinePtr #cards 4 size 8 Array Of Cards #cards 16 size 48 Howl #buckets 8 coarsen threshold 3686 Howl Bitmap #cards 512 size 80 coarsen threshold 460 Card regions per heap region 1 cards per card region 4096
 CPUs: 8 total, 8 available
 Memory: 16106M
 Large Page Support: Disabled
 NUMA Support: Disabled
 Compressed Oops: Enabled (Zero based)
 Heap Region Size: 2M
 Heap Min Capacity: 8M
 Heap Initial Capacity: 252M
 Heap Max Capacity: 4028M
 Pre-touch: Disabled
 Parallel Workers: 8
 Concurrent Workers: 2
 Concurrent Refinement Workers: 8
 Periodic GC: Disabled

Heap:
 garbage-first heap   total 258048K, used 14336K [0x0000000704400000, 0x0000000800000000)
  region size 2048K, 9 young (18432K), 0 survivors (0K)
 Metaspace       used 3927K, committed 4032K, reserved 1114112K
  class space    used 456K, committed 512K, reserved 1048576K

Heap Regions: E=young(eden), S=young(survivor), O=old, HS=humongous(starts), HC=humongous(continues), CS=collection set, F=free, TAMS=top-at-mark-start, PB=parsable bottom
|   0|0x0000000704400000, 0x0000000704400000, 0x0000000704600000|  0%| F|  |TAMS 0x0000000704400000| PB 0x0000000704400000| Untracked 
|   1|0x0000000704600000, 0x0000000704600000, 0x0000000704800000|  0%| F|  |TAMS 0x0000000704600000| PB 0x0000000704600000| Untracked 
|   2|0x0000000704800000, 0x0000000704800000, 0x0000000704a00000|  0%| F|  |TAMS 0x0000000704800000| PB 0x0000000704800000| Untracked 
|   3|0x0000000704a00000, 0x0000000704a00000, 0x0000000704c00000|  0%| F|  |TAMS 0x0000000704a00000| PB 0x0000000704a00000| Untracked 
|   4|0x0000000704c00000, 0x0000000704c00000, 0x0000000704e00000|  0%| F|  |TAMS 0x0000000704c00000| PB 0x0000000704c00000| Untracked 
|   5|0x0000000704e00000, 0x0000000704e00000, 0x0000000705000000|  0%| F|  |TAMS 0x0000000704e00000| PB 0x0000000704e00000| Untracked 
|   6|0x0000000705000000, 0x0000000705000000, 0x0000000705200000|  0%| F|  |TAMS 0x0000000705000000| PB 0x0000000705000000| Untracked 
|   7|0x0000000705200000, 0x0000000705200000, 0x0000000705400000|  0%| F|  |TAMS 0x0000000705200000| PB 0x0000000705200000| Untracked 
|   8|0x0000000705400000, 0x0000000705400000, 0x0000000705600000|  0%| F|  |TAMS 0x0000000705400000| PB 0x0000000705400000| Untracked 
|   9|0x0000000705600000, 0x0000000705600000, 0x0000000705800000|  0%| F|  |TAMS 0x0000000705600000| PB 0x0000000705600000| Untracked 
|  10|0x0000000705800000, 0x0000000705800000, 0x0000000705a00000|  0%| F|  |TAMS 0x0000000705800000| PB 0x0000000705800000| Untracked 
|  11|0x0000000705a00000, 0x0000000705a00000, 0x0000000705c00000|  0%| F|  |TAMS 0x0000000705a00000| PB 0x0000000705a00000| Untracked 
|  12|0x0000000705c00000, 0x0000000705c00000, 0x0000000705e00000|  0%| F|  |TAMS 0x0000000705c00000| PB 0x0000000705c00000| Untracked 
|  13|0x0000000705e00000, 0x0000000705e00000, 0x0000000706000000|  0%| F|  |TAMS 0x0000000705e00000| PB 0x0000000705e00000| Untracked 
|  14|0x0000000706000000, 0x0000000706000000, 0x0000000706200000|  0%| F|  |TAMS 0x0000000706000000| PB 0x0000000706000000| Untracked 
|  15|0x0000000706200000, 0x0000000706200000, 0x0000000706400000|  0%| F|  |TAMS 0x0000000706200000| PB 0x0000000706200000| Untracked 
|  16|0x0000000706400000, 0x0000000706400000, 0x0000000706600000|  0%| F|  |TAMS 0x0000000706400000| PB 0x0000000706400000| Untracked 
|  17|0x0000000706600000, 0x0000000706600000, 0x0000000706800000|  0%| F|  |TAMS 0x0000000706600000| PB 0x0000000706600000| Untracked 
|  18|0x0000000706800000, 0x0000000706800000, 0x0000000706a00000|  0%| F|  |TAMS 0x0000000706800000| PB 0x0000000706800000| Untracked 
|  19|0x0000000706a00000, 0x0000000706a00000, 0x0000000706c00000|  0%| F|  |TAMS 0x0000000706a00000| PB 0x0000000706a00000| Untracked 
|  20|0x0000000706c00000, 0x0000000706c00000, 0x0000000706e00000|  0%| F|  |TAMS 0x0000000706c00000| PB 0x0000000706c00000| Untracked 
|  21|0x0000000706e00000, 0x0000000706e00000, 0x0000000707000000|  0%| F|  |TAMS 0x0000000706e00000| PB 0x0000000706e00000| Untracked 
|  22|0x0000000707000000, 0x0000000707000000, 0x0000000707200000|  0%| F|  |TAMS 0x0000000707000000| PB 0x0000000707000000| Untracked 
|  23|0x0000000707200000, 0x0000000707200000, 0x0000000707400000|  0%| F|  |TAMS 0x0000000707200000| PB 0x0000000707200000| Untracked 
|  24|0x0000000707400000, 0x0000000707400000, 0x0000000707600000|  0%| F|  |TAMS 0x0000000707400000| PB 0x0000000707400000| Untracked 
|  25|0x0000000707600000, 0x0000000707600000, 0x0000000707800000|  0%| F|  |TAMS 0x0000000707600000| PB 0x0000000707600000| Untracked 
|  26|0x0000000707800000, 0x0000000707800000, 0x0000000707a00000|  0%| F|  |TAMS 0x0000000707800000| PB 0x0000000707800000| Untracked 
|  27|0x0000000707a00000, 0x0000000707a00000, 0x0000000707c00000|  0%| F|  |TAMS 0x0000000707a00000| PB 0x0000000707a00000| Untracked 
|  28|0x0000000707c00000, 0x0000000707c00000, 0x0000000707e00000|  0%| F|  |TAMS 0x0000000707c00000| PB 0x0000000707c00000| Untracked 
|  29|0x0000000707e00000, 0x0000000707e00000, 0x0000000708000000|  0%| F|  |TAMS 0x0000000707e00000| PB 0x0000000707e00000| Untracked 
|  30|0x0000000708000000, 0x0000000708000000, 0x0000000708200000|  0%| F|  |TAMS 0x0000000708000000| PB 0x0000000708000000| Untracked 
|  31|0x0000000708200000, 0x0000000708200000, 0x0000000708400000|  0%| F|  |TAMS 0x0000000708200000| PB 0x0000000708200000| Untracked 
|  32|0x0000000708400000, 0x0000000708400000, 0x0000000708600000|  0%| F|  |TAMS 0x0000000708400000| PB 0x0000000708400000| Untracked 
|  33|0x0000000708600000, 0x0000000708600000, 0x0000000708800000|  0%| F|  |TAMS 0x0000000708600000| PB 0x0000000708600000| Untracked 
|  34|0x0000000708800000, 0x0000000708800000, 0x0000000708a00000|  0%| F|  |TAMS 0x0000000708800000| PB 0x0000000708800000| Untracked 
|  35|0x0000000708a00000, 0x0000000708a00000, 0x0000000708c00000|  0%| F|  |TAMS 0x0000000708a00000| PB 0x0000000708a00000| Untracked 
|  36|0x0000000708c00000, 0x0000000708c00000, 0x0000000708e00000|  0%| F|  |TAMS 0x0000000708c00000| PB 0x0000000708c00000| Untracked 
|  37|0x0000000708e00000, 0x0000000708e00000, 0x0000000709000000|  0%| F|  |TAMS 0x0000000708e00000| PB 0x0000000708e00000| Untracked 
|  38|0x0000000709000000, 0x0000000709000000, 0x0000000709200000|  0%| F|  |TAMS 0x0000000709000000| PB 0x0000000709000000| Untracked 
|  39|0x0000000709200000, 0x0000000709200000, 0x0000000709400000|  0%| F|  |TAMS 0x0000000709200000| PB 0x0000000709200000| Untracked 
|  40|0x0000000709400000, 0x0000000709400000, 0x0000000709600000|  0%| F|  |TAMS 0x0000000709400000| PB 0x0000000709400000| Untracked 
|  41|0x0000000709600000, 0x0000000709600000, 0x0000000709800000|  0%| F|  |TAMS 0x0000000709600000| PB 0x0000000709600000| Untracked 
|  42|0x0000000709800000, 0x0000000709800000, 0x0000000709a00000|  0%| F|  |TAMS 0x0000000709800000| PB 0x0000000709800000| Untracked 
|  43|0x0000000709a00000, 0x0000000709a00000, 0x0000000709c00000|  0%| F|  |TAMS 0x0000000709a00000| PB 0x0000000709a00000| Untracked 
|  44|0x0000000709c00000, 0x0000000709c00000, 0x0000000709e00000|  0%| F|  |TAMS 0x0000000709c00000| PB 0x0000000709c00000| Untracked 
|  45|0x0000000709e00000, 0x0000000709e00000, 0x000000070a000000|  0%| F|  |TAMS 0x0000000709e00000| PB 0x0000000709e00000| Untracked 
|  46|0x000000070a000000, 0x000000070a000000, 0x000000070a200000|  0%| F|  |TAMS 0x000000070a000000| PB 0x000000070a000000| Untracked 
|  47|0x000000070a200000, 0x000000070a200000, 0x000000070a400000|  0%| F|  |TAMS 0x000000070a200000| PB 0x000000070a200000| Untracked 
|  48|0x000000070a400000, 0x000000070a400000, 0x000000070a600000|  0%| F|  |TAMS 0x000000070a400000| PB 0x000000070a400000| Untracked 
|  49|0x000000070a600000, 0x000000070a600000, 0x000000070a800000|  0%| F|  |TAMS 0x000000070a600000| PB 0x000000070a600000| Untracked 
|  50|0x000000070a800000, 0x000000070a800000, 0x000000070aa00000|  0%| F|  |TAMS 0x000000070a800000| PB 0x000000070a800000| Untracked 
|  51|0x000000070aa00000, 0x000000070aa00000, 0x000000070ac00000|  0%| F|  |TAMS 0x000000070aa00000| PB 0x000000070aa00000| Untracked 
|  52|0x000000070ac00000, 0x000000070ac00000, 0x000000070ae00000|  0%| F|  |TAMS 0x000000070ac00000| PB 0x000000070ac00000| Untracked 
|  53|0x000000070ae00000, 0x000000070ae00000, 0x000000070b000000|  0%| F|  |TAMS 0x000000070ae00000| PB 0x000000070ae00000| Untracked 
|  54|0x000000070b000000, 0x000000070b000000, 0x000000070b200000|  0%| F|  |TAMS 0x000000070b000000| PB 0x000000070b000000| Untracked 
|  55|0x000000070b200000, 0x000000070b200000, 0x000000070b400000|  0%| F|  |TAMS 0x000000070b200000| PB 0x000000070b200000| Untracked 
|  56|0x000000070b400000, 0x000000070b400000, 0x000000070b600000|  0%| F|  |TAMS 0x000000070b400000| PB 0x000000070b400000| Untracked 
|  57|0x000000070b600000, 0x000000070b600000, 0x000000070b800000|  0%| F|  |TAMS 0x000000070b600000| PB 0x000000070b600000| Untracked 
|  58|0x000000070b800000, 0x000000070b800000, 0x000000070ba00000|  0%| F|  |TAMS 0x000000070b800000| PB 0x000000070b800000| Untracked 
|  59|0x000000070ba00000, 0x000000070ba00000, 0x000000070bc00000|  0%| F|  |TAMS 0x000000070ba00000| PB 0x000000070ba00000| Untracked 
|  60|0x000000070bc00000, 0x000000070bc00000, 0x000000070be00000|  0%| F|  |TAMS 0x000000070bc00000| PB 0x000000070bc00000| Untracked 
|  61|0x000000070be00000, 0x000000070be00000, 0x000000070c000000|  0%| F|  |TAMS 0x000000070be00000| PB 0x000000070be00000| Untracked 
|  62|0x000000070c000000, 0x000000070c000000, 0x000000070c200000|  0%| F|  |TAMS 0x000000070c000000| PB 0x000000070c000000| Untracked 
|  63|0x000000070c200000, 0x000000070c200000, 0x000000070c400000|  0%| F|  |TAMS 0x000000070c200000| PB 0x000000070c200000| Untracked 
|  64|0x000000070c400000, 0x000000070c400000, 0x000000070c600000|  0%| F|  |TAMS 0x000000070c400000| PB 0x000000070c400000| Untracked 
|  65|0x000000070c600000, 0x000000070c600000, 0x000000070c800000|  0%| F|  |TAMS 0x000000070c600000| PB 0x000000070c600000| Untracked 
|  66|0x000000070c800000, 0x000000070c800000, 0x000000070ca00000|  0%| F|  |TAMS 0x000000070c800000| PB 0x000000070c800000| Untracked 
|  67|0x000000070ca00000, 0x000000070ca00000, 0x000000070cc00000|  0%| F|  |TAMS 0x000000070ca00000| PB 0x000000070ca00000| Untracked 
|  68|0x000000070cc00000, 0x000000070cc00000, 0x000000070ce00000|  0%| F|  |TAMS 0x000000070cc00000| PB 0x000000070cc00000| Untracked 
|  69|0x000000070ce00000, 0x000000070ce00000, 0x000000070d000000|  0%| F|  |TAMS 0x000000070ce00000| PB 0x000000070ce00000| Untracked 
|  70|0x000000070d000000, 0x000000070d000000, 0x000000070d200000|  0%| F|  |TAMS 0x000000070d000000| PB 0x000000070d000000| Untracked 
|  71|0x000000070d200000, 0x000000070d200000, 0x000000070d400000|  0%| F|  |TAMS 0x000000070d200000| PB 0x000000070d200000| Untracked 
|  72|0x000000070d400000, 0x000000070d400000, 0x000000070d600000|  0%| F|  |TAMS 0x000000070d400000| PB 0x000000070d400000| Untracked 
|  73|0x000000070d600000, 0x000000070d600000, 0x000000070d800000|  0%| F|  |TAMS 0x000000070d600000| PB 0x000000070d600000| Untracked 
|  74|0x000000070d800000, 0x000000070d800000, 0x000000070da00000|  0%| F|  |TAMS 0x000000070d800000| PB 0x000000070d800000| Untracked 
|  75|0x000000070da00000, 0x000000070da00000, 0x000000070dc00000|  0%| F|  |TAMS 0x000000070da00000| PB 0x000000070da00000| Untracked 
|  76|0x000000070dc00000, 0x000000070dc00000, 0x000000070de00000|  0%| F|  |TAMS 0x000000070dc00000| PB 0x000000070dc00000| Untracked 
|  77|0x000000070de00000, 0x000000070de00000, 0x000000070e000000|  0%| F|  |TAMS 0x000000070de00000| PB 0x000000070de00000| Untracked 
|  78|0x000000070e000000, 0x000000070e000000, 0x000000070e200000|  0%| F|  |TAMS 0x000000070e000000| PB 0x000000070e000000| Untracked 
|  79|0x000000070e200000, 0x000000070e200000, 0x000000070e400000|  0%| F|  |TAMS 0x000000070e200000| PB 0x000000070e200000| Untracked 
|  80|0x000000070e400000, 0x000000070e400000, 0x000000070e600000|  0%| F|  |TAMS 0x000000070e400000| PB 0x000000070e400000| Untracked 
|  81|0x000000070e600000, 0x000000070e600000, 0x000000070e800000|  0%| F|  |TAMS 0x000000070e600000| PB 0x000000070e600000| Untracked 
|  82|0x000000070e800000, 0x000000070e800000, 0x000000070ea00000|  0%| F|  |TAMS 0x000000070e800000| PB 0x000000070e800000| Untracked 
|  83|0x000000070ea00000, 0x000000070ea00000, 0x000000070ec00000|  0%| F|  |TAMS 0x000000070ea00000| PB 0x000000070ea00000| Untracked 
|  84|0x000000070ec00000, 0x000000070ec00000, 0x000000070ee00000|  0%| F|  |TAMS 0x000000070ec00000| PB 0x000000070ec00000| Untracked 
|  85|0x000000070ee00000, 0x000000070ee00000, 0x000000070f000000|  0%| F|  |TAMS 0x000000070ee00000| PB 0x000000070ee00000| Untracked 
|  86|0x000000070f000000, 0x000000070f000000, 0x000000070f200000|  0%| F|  |TAMS 0x000000070f000000| PB 0x000000070f000000| Untracked 
|  87|0x000000070f200000, 0x000000070f200000, 0x000000070f400000|  0%| F|  |TAMS 0x000000070f200000| PB 0x000000070f200000| Untracked 
|  88|0x000000070f400000, 0x000000070f400000, 0x000000070f600000|  0%| F|  |TAMS 0x000000070f400000| PB 0x000000070f400000| Untracked 
|  89|0x000000070f600000, 0x000000070f600000, 0x000000070f800000|  0%| F|  |TAMS 0x000000070f600000| PB 0x000000070f600000| Untracked 
|  90|0x000000070f800000, 0x000000070f800000, 0x000000070fa00000|  0%| F|  |TAMS 0x000000070f800000| PB 0x000000070f800000| Untracked 
|  91|0x000000070fa00000, 0x000000070fa00000, 0x000000070fc00000|  0%| F|  |TAMS 0x000000070fa00000| PB 0x000000070fa00000| Untracked 
|  92|0x000000070fc00000, 0x000000070fc00000, 0x000000070fe00000|  0%| F|  |TAMS 0x000000070fc00000| PB 0x000000070fc00000| Untracked 
|  93|0x000000070fe00000, 0x000000070fe00000, 0x0000000710000000|  0%| F|  |TAMS 0x000000070fe00000| PB 0x000000070fe00000| Untracked 
|  94|0x0000000710000000, 0x0000000710000000, 0x0000000710200000|  0%| F|  |TAMS 0x0000000710000000| PB 0x0000000710000000| Untracked 
|  95|0x0000000710200000, 0x0000000710200000, 0x0000000710400000|  0%| F|  |TAMS 0x0000000710200000| PB 0x0000000710200000| Untracked 
|  96|0x0000000710400000, 0x0000000710400000, 0x0000000710600000|  0%| F|  |TAMS 0x0000000710400000| PB 0x0000000710400000| Untracked 
|  97|0x0000000710600000, 0x0000000710600000, 0x0000000710800000|  0%| F|  |TAMS 0x0000000710600000| PB 0x0000000710600000| Untracked 
|  98|0x0000000710800000, 0x0000000710800000, 0x0000000710a00000|  0%| F|  |TAMS 0x0000000710800000| PB 0x0000000710800000| Untracked 
|  99|0x0000000710a00000, 0x0000000710a00000, 0x0000000710c00000|  0%| F|  |TAMS 0x0000000710a00000| PB 0x0000000710a00000| Untracked 
| 100|0x0000000710c00000, 0x0000000710c00000, 0x0000000710e00000|  0%| F|  |TAMS 0x0000000710c00000| PB 0x0000000710c00000| Untracked 
| 101|0x0000000710e00000, 0x0000000710e00000, 0x0000000711000000|  0%| F|  |TAMS 0x0000000710e00000| PB 0x0000000710e00000| Untracked 
| 102|0x0000000711000000, 0x0000000711000000, 0x0000000711200000|  0%| F|  |TAMS 0x0000000711000000| PB 0x0000000711000000| Untracked 
| 103|0x0000000711200000, 0x0000000711200000, 0x0000000711400000|  0%| F|  |TAMS 0x0000000711200000| PB 0x0000000711200000| Untracked 
| 104|0x0000000711400000, 0x0000000711400000, 0x0000000711600000|  0%| F|  |TAMS 0x0000000711400000| PB 0x0000000711400000| Untracked 
| 105|0x0000000711600000, 0x0000000711600000, 0x0000000711800000|  0%| F|  |TAMS 0x0000000711600000| PB 0x0000000711600000| Untracked 
| 106|0x0000000711800000, 0x0000000711800000, 0x0000000711a00000|  0%| F|  |TAMS 0x0000000711800000| PB 0x0000000711800000| Untracked 
| 107|0x0000000711a00000, 0x0000000711a00000, 0x0000000711c00000|  0%| F|  |TAMS 0x0000000711a00000| PB 0x0000000711a00000| Untracked 
| 108|0x0000000711c00000, 0x0000000711c00000, 0x0000000711e00000|  0%| F|  |TAMS 0x0000000711c00000| PB 0x0000000711c00000| Untracked 
| 109|0x0000000711e00000, 0x0000000711e00000, 0x0000000712000000|  0%| F|  |TAMS 0x0000000711e00000| PB 0x0000000711e00000| Untracked 
| 110|0x0000000712000000, 0x0000000712000000, 0x0000000712200000|  0%| F|  |TAMS 0x0000000712000000| PB 0x0000000712000000| Untracked 
| 111|0x0000000712200000, 0x0000000712200000, 0x0000000712400000|  0%| F|  |TAMS 0x0000000712200000| PB 0x0000000712200000| Untracked 
| 112|0x0000000712400000, 0x0000000712400000, 0x0000000712600000|  0%| F|  |TAMS 0x0000000712400000| PB 0x0000000712400000| Untracked 
| 113|0x0000000712600000, 0x0000000712600000, 0x0000000712800000|  0%| F|  |TAMS 0x0000000712600000| PB 0x0000000712600000| Untracked 
| 114|0x0000000712800000, 0x0000000712800000, 0x0000000712a00000|  0%| F|  |TAMS 0x0000000712800000| PB 0x0000000712800000| Untracked 
| 115|0x0000000712a00000, 0x0000000712a00000, 0x0000000712c00000|  0%| F|  |TAMS 0x0000000712a00000| PB 0x0000000712a00000| Untracked 
| 116|0x0000000712c00000, 0x0000000712c00000, 0x0000000712e00000|  0%| F|  |TAMS 0x0000000712c00000| PB 0x0000000712c00000| Untracked 
| 117|0x0000000712e00000, 0x0000000712fc2bb0, 0x0000000713000000| 88%| E|  |TAMS 0x0000000712e00000| PB 0x0000000712e00000| Complete 
| 118|0x0000000713000000, 0x0000000713200000, 0x0000000713200000|100%| E|CS|TAMS 0x0000000713000000| PB 0x0000000713000000| Complete 
| 119|0x0000000713200000, 0x0000000713400000, 0x0000000713400000|100%| E|CS|TAMS 0x0000000713200000| PB 0x0000000713200000| Complete 
| 120|0x0000000713400000, 0x0000000713600000, 0x0000000713600000|100%| E|CS|TAMS 0x0000000713400000| PB 0x0000000713400000| Complete 
| 121|0x0000000713600000, 0x0000000713800000, 0x0000000713800000|100%| E|CS|TAMS 0x0000000713600000| PB 0x0000000713600000| Complete 
| 122|0x0000000713800000, 0x0000000713a00000, 0x0000000713a00000|100%| E|CS|TAMS 0x0000000713800000| PB 0x0000000713800000| Complete 
| 123|0x0000000713a00000, 0x0000000713c00000, 0x0000000713c00000|100%| E|  |TAMS 0x0000000713a00000| PB 0x0000000713a00000| Complete 
| 124|0x0000000713c00000, 0x0000000713e00000, 0x0000000713e00000|100%| E|CS|TAMS 0x0000000713c00000| PB 0x0000000713c00000| Complete 
| 125|0x0000000713e00000, 0x0000000714000000, 0x0000000714000000|100%| E|CS|TAMS 0x0000000713e00000| PB 0x0000000713e00000| Complete 

Card table byte_map: [0x0000025d13f90000,0x0000025d14770000] _byte_map_base: 0x0000025d1076e000

Marking Bits: (CMBitMap*) 0x0000025d080099f0
 Bits: [0x0000025d14770000, 0x0000025d18660000)

Polling page: 0x0000025d05dc0000

Metaspace:

Usage:
  Non-class:      3.39 MB used.
      Class:    456.49 KB used.
       Both:      3.84 MB used.

Virtual space:
  Non-class space:       64.00 MB reserved,       3.44 MB (  5%) committed,  1 nodes.
      Class space:        1.00 GB reserved,     512.00 KB ( <1%) committed,  1 nodes.
             Both:        1.06 GB reserved,       3.94 MB ( <1%) committed. 

Chunk freelists:
   Non-Class:  11.89 MB
       Class:  15.51 MB
        Both:  27.40 MB

MaxMetaspaceSize: unlimited
CompressedClassSpaceSize: 1.00 GB
Initial GC threshold: 21.00 MB
Current GC threshold: 21.00 MB
CDS: on
 - commit_granule_bytes: 65536.
 - commit_granule_words: 8192.
 - virtual_space_node_default_size: 8388608.
 - enlarge_chunks_in_place: 1.
 - use_allocation_guard: 0.


Internal statistics:

num_allocs_failed_limit: 0.
num_arena_births: 100.
num_arena_deaths: 0.
num_vsnodes_births: 2.
num_vsnodes_deaths: 0.
num_space_committed: 63.
num_space_uncommitted: 0.
num_chunks_returned_to_freelist: 0.
num_chunks_taken_from_freelist: 109.
num_chunk_merges: 0.
num_chunk_splits: 77.
num_chunks_enlarged: 46.
num_inconsistent_stats: 0.

CodeCache: size=49152Kb used=3859Kb max_used=3859Kb free=45292Kb
 bounds [0x0000025d106a0000, 0x0000025d10a80000, 0x0000025d136a0000]
 total_blobs=1520, nmethods=1064, adapters=379, full_count=0
Compilation: enabled, stopped_count=0, restarted_count=0

Compilation events (20 events):
Event: 2.136 Thread 0x0000025d1b0b89e0 nmethod 1054 0x0000025d108bcd90 code [0x0000025d108bd0c0, 0x0000025d108bd9b8]
Event: 2.136 Thread 0x0000025d1b1a0bc0 nmethod 1055 0x0000025d108bc810 code [0x0000025d108bc9e0, 0x0000025d108bcc20]
Event: 2.137 Thread 0x0000025d1b1a0bc0 1056       1       javax.management.StandardMBean::getDescription (11 bytes)
Event: 2.137 Thread 0x0000025d1b1a0bc0 nmethod 1056 0x0000025d108bc490 code [0x0000025d108bc640, 0x0000025d108bc750]
Event: 2.137 Thread 0x0000025d1b1a0bc0 1057       1       java.util.concurrent.ConcurrentHashMap$MapEntry::getKey (5 bytes)
Event: 2.138 Thread 0x0000025d1b0b89e0 1058       1       java.util.concurrent.ConcurrentHashMap$MapEntry::getValue (5 bytes)
Event: 2.138 Thread 0x0000025d1b1a0bc0 nmethod 1057 0x0000025d108bc190 code [0x0000025d108bc320, 0x0000025d108bc3f0]
Event: 2.138 Thread 0x0000025d1b0b89e0 nmethod 1058 0x0000025d108bbe90 code [0x0000025d108bc020, 0x0000025d108bc0f0]
Event: 2.138 Thread 0x0000025d1b0b89e0 1059       1       java.lang.StringConcatHelper::simpleConcat (94 bytes)
Event: 2.138 Thread 0x0000025d1b842a40 1060       1       java.lang.StringConcatHelper::initialCoder (14 bytes)
Event: 2.138 Thread 0x0000025d1b842a40 nmethod 1060 0x0000025d108bbb90 code [0x0000025d108bbd20, 0x0000025d108bbdd0]
Event: 2.139 Thread 0x0000025d1b0b89e0 nmethod 1059 0x0000025d108bae90 code [0x0000025d108bb100, 0x0000025d108bb7d8]
Event: 2.140 Thread 0x0000025d1b1a0bc0 1061       1       java.util.logging.LogManager$LoggerContext::getOwner (5 bytes)
Event: 2.140 Thread 0x0000025d1b1a0bc0 nmethod 1061 0x0000025d108bab90 code [0x0000025d108bad20, 0x0000025d108badf0]
Event: 2.140 Thread 0x0000025d1b1a0bc0 1062       1       java.lang.invoke.MethodHandles$Lookup::<init> (84 bytes)
Event: 2.140 Thread 0x0000025d1b1a0bc0 nmethod 1062 0x0000025d108ba810 code [0x0000025d108ba9a0, 0x0000025d108bab10]
Event: 2.140 Thread 0x0000025d1b1a0bc0 1063       1       java.lang.invoke.DirectMethodHandle::preparedLambdaForm (244 bytes)
Event: 2.141 Thread 0x0000025d1b1a0bc0 nmethod 1063 0x0000025d108b9b10 code [0x0000025d108b9d80, 0x0000025d108ba330]
Event: 2.141 Thread 0x0000025d1b0b89e0 1064       1       java.lang.invoke.DirectMethodHandle::preparedLambdaForm (6 bytes)
Event: 2.141 Thread 0x0000025d1b0b89e0 nmethod 1064 0x0000025d108b9810 code [0x0000025d108b99c0, 0x0000025d108b9a88]

GC Heap History (0 events):
No events

Dll operation events (11 events):
Event: 0.011 Loaded shared library C:\Users\ERTIL\.jdks\corretto-21.0.9\bin\java.dll
Event: 0.154 Loaded shared library C:\Users\ERTIL\.jdks\corretto-21.0.9\bin\zip.dll
Event: 0.158 Loaded shared library C:\Users\ERTIL\.jdks\corretto-21.0.9\bin\instrument.dll
Event: 0.165 Loaded shared library C:\Users\ERTIL\.jdks\corretto-21.0.9\bin\net.dll
Event: 0.167 Loaded shared library C:\Users\ERTIL\.jdks\corretto-21.0.9\bin\nio.dll
Event: 0.210 Loaded shared library C:\Users\ERTIL\.jdks\corretto-21.0.9\bin\zip.dll
Event: 0.216 Loaded shared library C:\Users\ERTIL\.jdks\corretto-21.0.9\bin\jimage.dll
Event: 1.949 Loaded shared library C:\Program Files\JetBrains\IntelliJ IDEA 2024.3\bin\breakgen64.dll
Event: 1.966 Loaded shared library C:\Users\ERTIL\.jdks\corretto-21.0.9\bin\management.dll
Event: 1.970 Loaded shared library C:\Users\ERTIL\.jdks\corretto-21.0.9\bin\extnet.dll
Event: 1.981 Loaded shared library C:\Users\ERTIL\.jdks\corretto-21.0.9\bin\management_ext.dll

Deoptimization events (0 events):
No events

Classes loaded (20 events):
Event: 2.141 Loading class java/util/ServiceLoader$ProviderSpliterator done
Event: 2.141 Loading class javax/management/remote/JMXConnectorFactory$ProviderFinder
Event: 2.141 Loading class javax/management/remote/JMXConnectorFactory$ProviderFinder done
Event: 2.141 Loading class com/sun/jmx/remote/protocol/rmi/ServerProvider
Event: 2.141 Loading class com/sun/jmx/remote/protocol/rmi/ServerProvider done
Event: 2.141 Loading class javax/management/remote/rmi/RMIConnectorServer
Event: 2.142 Loading class javax/management/remote/rmi/RMIConnectorServer done
Event: 2.142 Loading class javax/management/remote/rmi/RMIJRMPServerImpl
Event: 2.142 Loading class javax/management/remote/rmi/RMIServerImpl
Event: 2.142 Loading class javax/management/remote/rmi/RMIServer
Event: 2.142 Loading class java/rmi/Remote
Event: 2.142 Loading class java/rmi/Remote done
Event: 2.142 Loading class javax/management/remote/rmi/RMIServer done
Event: 2.142 Loading class javax/management/remote/rmi/RMIServerImpl done
Event: 2.142 Loading class javax/management/remote/rmi/RMIJRMPServerImpl done
Event: 2.142 Loading class java/io/ObjectInputFilter$Config
Event: 2.143 Loading class java/io/ObjectInputFilter$Config done
Event: 2.143 Loading class java/io/ObjectInputFilter
Event: 2.143 Loading class java/io/ObjectInputFilter done
Event: 2.143 Loading class java/util/concurrent/atomic/AtomicBoolean

Classes unloaded (0 events):
No events

Classes redefined (0 events):
No events

Internal exceptions (9 events):
Event: 0.235 Thread 0x0000025d1b0b4370 Exception <a 'java/lang/NoSuchMethodError'{0x0000000713aa7100}: 'java.lang.Object java.lang.invoke.DirectMethodHandle$Holder.invokeStaticInit(java.lang.Object, int)'> (0x0000000713aa7100) 
thrown [s\src\hotspot\share\interpreter\linkResolver.cpp, line 773]
Event: 1.934 Thread 0x0000025d07fa4f20 Exception <a 'java/lang/NoSuchMethodError'{0x00000007139021e0}: 'void java.lang.invoke.DirectMethodHandle$Holder.invokeStatic(java.lang.Object, java.lang.Object, java.lang.Object)'> (0x00000007139021e0) 
thrown [s\src\hotspot\share\interpreter\linkResolver.cpp, line 773]
Event: 1.940 Thread 0x0000025d1b0b4370 Exception <a 'java/lang/NoSuchMethodError'{0x000000071354a7c8}: 'java.lang.Object java.lang.invoke.Invokers$Holder.invokeExact_MT(java.lang.Object, java.lang.Object, java.lang.Object, java.lang.Object, java.lang.Object, java.lang.Object)'> (0x000000071354a7c8) 
thrown [s\src\hotspot\share\interpreter\linkResolver.cpp, line 773]
Event: 1.941 Thread 0x0000025d07fa4f20 Exception <a 'java/lang/NoSuchMethodError'{0x0000000713919c28}: 'java.lang.Object java.lang.invoke.Invokers$Holder.invokeExact_MT(java.lang.Object, java.lang.Object, java.lang.Object, java.lang.Object, java.lang.Object)'> (0x0000000713919c28) 
thrown [s\src\hotspot\share\interpreter\linkResolver.cpp, line 773]
Event: 1.973 Thread 0x0000025d1b72c290 Exception <a 'java/lang/NoSuchMethodError'{0x00000007135838b8}: 'void java.lang.invoke.DirectMethodHandle$Holder.invokeStatic(java.lang.Object, java.lang.Object)'> (0x00000007135838b8) 
thrown [s\src\hotspot\share\interpreter\linkResolver.cpp, line 773]
Event: 1.985 Thread 0x0000025d1b0b4370 Exception <a 'java/lang/NoSuchMethodError'{0x00000007135f6788}: 'int java.lang.invoke.DirectMethodHandle$Holder.invokeInterface(java.lang.Object, java.lang.Object)'> (0x00000007135f6788) 
thrown [s\src\hotspot\share\interpreter\linkResolver.cpp, line 773]
Event: 1.986 Thread 0x0000025d1b0b4370 Exception <a 'java/lang/IncompatibleClassChangeError'{0x00000007135f99a8}: Found class java.lang.Object, but interface was expected> (0x00000007135f99a8) 
thrown [s\src\hotspot\share\interpreter\linkResolver.cpp, line 840]
Event: 2.038 Thread 0x0000025d1b0b4370 Exception <a 'java/lang/NoSuchMethodError'{0x00000007132c2dd8}: 'int java.lang.invoke.DirectMethodHandle$Holder.invokeSpecial(java.lang.Object, java.lang.Object, java.lang.Object)'> (0x00000007132c2dd8) 
thrown [s\src\hotspot\share\interpreter\linkResolver.cpp, line 773]
Event: 2.079 Thread 0x0000025d1b0b4370 Exception <a 'java/lang/NoSuchMethodError'{0x00000007130093a8}: 'java.lang.Object java.lang.invoke.DirectMethodHandle$Holder.invokeStaticInit(java.lang.Object, java.lang.Object, java.lang.Object)'> (0x00000007130093a8) 
thrown [s\src\hotspot\share\interpreter\linkResolver.cpp, line 773]

ZGC Phase Switch (0 events):
No events

VM Operations (10 events):
Event: 0.141 Executing VM operation: HandshakeAllThreads (Deoptimize)
Event: 0.142 Executing VM operation: HandshakeAllThreads (Deoptimize) done
Event: 0.226 Executing VM operation: HandshakeAllThreads (Deoptimize)
Event: 0.226 Executing VM operation: HandshakeAllThreads (Deoptimize) done
Event: 1.237 Executing VM operation: Cleanup
Event: 1.237 Executing VM operation: Cleanup done
Event: 1.973 Executing VM operation: HandshakeAllThreads (Deoptimize)
Event: 1.973 Executing VM operation: HandshakeAllThreads (Deoptimize) done
Event: 1.992 Executing VM operation: HandshakeAllThreads (Deoptimize)
Event: 1.992 Executing VM operation: HandshakeAllThreads (Deoptimize) done

Memory protections (0 events):
No events

Nmethod flushes (0 events):
No events

Events (17 events):
Event: 0.027 Thread 0x0000025d07fa4f20 Thread added: 0x0000025d07fa4f20
Event: 0.044 Thread 0x0000025d07fa4f20 Thread added: 0x0000025d1b0a9010
Event: 0.045 Thread 0x0000025d07fa4f20 Thread added: 0x0000025d1b0aa780
Event: 0.045 Thread 0x0000025d07fa4f20 Thread added: 0x0000025d1b0af430
Event: 0.045 Thread 0x0000025d07fa4f20 Thread added: 0x0000025d1b0b4370
Event: 0.045 Thread 0x0000025d07fa4f20 Thread added: 0x0000025d1b0b2b30
Event: 0.045 Thread 0x0000025d07fa4f20 Thread added: 0x0000025d1b0b5f80
Event: 0.045 Thread 0x0000025d07fa4f20 Thread added: 0x0000025d1b0b89e0
Event: 0.141 Thread 0x0000025d1b0b89e0 Thread added: 0x0000025d1b1a0bc0
Event: 0.162 Thread 0x0000025d07fa4f20 Thread added: 0x0000025d1b1efc10
Event: 0.204 Thread 0x0000025d1b1a0bc0 Thread added: 0x0000025d1b204380
Event: 0.204 Thread 0x0000025d1b1a0bc0 Thread added: 0x0000025d1b204a20
Event: 0.811 Thread 0x0000025d1b204a20 Thread exited: 0x0000025d1b204a20
Event: 0.829 Thread 0x0000025d1b204380 Thread exited: 0x0000025d1b204380
Event: 1.950 Thread 0x0000025d07fa4f20 Thread added: 0x0000025d1b72c290
Event: 1.950 Thread 0x0000025d07fa4f20 Thread added: 0x0000025d1b72c8f0
Event: 2.107 Thread 0x0000025d1b1a0bc0 Thread added: 0x0000025d1b842a40


Dynamic libraries:
0x00007ff7b2d60000 - 0x00007ff7b2d6e000 	C:\Users\ERTIL\.jdks\corretto-21.0.9\bin\java.exe
0x00007ffb2fc40000 - 0x00007ffb2fea7000 	C:\WINDOWS\SYSTEM32\ntdll.dll
0x00007ffb2f640000 - 0x00007ffb2f709000 	C:\WINDOWS\System32\KERNEL32.DLL
0x00007ffb2d080000 - 0x00007ffb2d477000 	C:\WINDOWS\System32\KERNELBASE.dll
0x00007ffb2d510000 - 0x00007ffb2d65b000 	C:\WINDOWS\System32\ucrtbase.dll
0x00007ffb1acc0000 - 0x00007ffb1acd8000 	C:\Users\ERTIL\.jdks\corretto-21.0.9\bin\jli.dll
0x00007ffb119f0000 - 0x00007ffb11a0e000 	C:\Users\ERTIL\.jdks\corretto-21.0.9\bin\VCRUNTIME140.dll
0x00007ffb2f780000 - 0x00007ffb2f946000 	C:\WINDOWS\System32\USER32.dll
0x00007ffb2c670000 - 0x00007ffb2c697000 	C:\WINDOWS\System32\win32u.dll
0x00007ffb0f020000 - 0x00007ffb0f2b2000 	C:\WINDOWS\WinSxS\amd64_microsoft.windows.common-controls_6595b64144ccf1df_6.0.26100.8457_none_3e0b2faee331e92d\COMCTL32.dll
0x00007ffb2f990000 - 0x00007ffb2fa39000 	C:\WINDOWS\System32\msvcrt.dll
0x00007ffb2f610000 - 0x00007ffb2f63b000 	C:\WINDOWS\System32\GDI32.dll
0x00007ffb2d660000 - 0x00007ffb2d78c000 	C:\WINDOWS\System32\gdi32full.dll
0x00007ffb2d790000 - 0x00007ffb2d833000 	C:\WINDOWS\System32\msvcp_win.dll
0x00007ffb2db60000 - 0x00007ffb2db92000 	C:\WINDOWS\System32\IMM32.DLL
0x00007ffb27900000 - 0x00007ffb2790c000 	C:\Users\ERTIL\.jdks\corretto-21.0.9\bin\vcruntime140_1.dll
0x00007ffb02530000 - 0x00007ffb025b9000 	C:\Users\ERTIL\.jdks\corretto-21.0.9\bin\msvcp140.dll
0x00007ffa8ab80000 - 0x00007ffa8b927000 	C:\Users\ERTIL\.jdks\corretto-21.0.9\bin\server\jvm.dll
0x00007ffb2dd30000 - 0x00007ffb2dde6000 	C:\WINDOWS\System32\ADVAPI32.dll
0x00007ffb2e5b0000 - 0x00007ffb2e657000 	C:\WINDOWS\System32\sechost.dll
0x00007ffb2da40000 - 0x00007ffb2db58000 	C:\WINDOWS\System32\RPCRT4.dll
0x00007ffb2dfb0000 - 0x00007ffb2e030000 	C:\WINDOWS\System32\WS2_32.dll
0x00007ffb2c4d0000 - 0x00007ffb2c52e000 	C:\WINDOWS\SYSTEM32\POWRPROF.dll
0x00007ffb240d0000 - 0x00007ffb24106000 	C:\WINDOWS\SYSTEM32\WINMM.dll
0x00007ffb1d610000 - 0x00007ffb1d61b000 	C:\WINDOWS\SYSTEM32\VERSION.dll
0x00007ffb2c4b0000 - 0x00007ffb2c4c4000 	C:\WINDOWS\SYSTEM32\UMPDC.dll
0x00007ffb2b3c0000 - 0x00007ffb2b3db000 	C:\WINDOWS\SYSTEM32\kernel.appcore.dll
0x00007ffb1dbe0000 - 0x00007ffb1dbea000 	C:\Users\ERTIL\.jdks\corretto-21.0.9\bin\jimage.dll
0x00007ffb2a4c0000 - 0x00007ffb2a702000 	C:\WINDOWS\SYSTEM32\DBGHELP.DLL
0x00007ffb2e220000 - 0x00007ffb2e5a3000 	C:\WINDOWS\System32\combase.dll
0x00007ffb2e660000 - 0x00007ffb2e739000 	C:\WINDOWS\System32\OLEAUT32.dll
0x00007ffb0dbc0000 - 0x00007ffb0dbfb000 	C:\WINDOWS\SYSTEM32\dbgcore.DLL
0x00007ffb2c6a0000 - 0x00007ffb2c748000 	C:\WINDOWS\System32\bcryptPrimitives.dll
0x00007ffb119e0000 - 0x00007ffb119f0000 	C:\Users\ERTIL\.jdks\corretto-21.0.9\bin\instrument.dll
0x00007ffb10d40000 - 0x00007ffb10d61000 	C:\Users\ERTIL\.jdks\corretto-21.0.9\bin\java.dll
0x00007ffb2ecd0000 - 0x00007ffb2f43e000 	C:\WINDOWS\System32\SHELL32.dll
0x00007ffb2c810000 - 0x00007ffb2d07c000 	C:\WINDOWS\System32\windows.storage.dll
0x00007ffb2e740000 - 0x00007ffb2e836000 	C:\WINDOWS\System32\SHCORE.dll
0x00007ffb2f710000 - 0x00007ffb2f776000 	C:\WINDOWS\System32\shlwapi.dll
0x00007ffb2c590000 - 0x00007ffb2c5b9000 	C:\WINDOWS\SYSTEM32\profapi.dll
0x00007ffb02a90000 - 0x00007ffb02aa8000 	C:\Users\ERTIL\.jdks\corretto-21.0.9\bin\zip.dll
0x00007ffb02430000 - 0x00007ffb02441000 	C:\Users\ERTIL\.jdks\corretto-21.0.9\bin\net.dll
0x00007ffb26280000 - 0x00007ffb263a9000 	C:\WINDOWS\SYSTEM32\WINHTTP.dll
0x00007ffb2b910000 - 0x00007ffb2b97c000 	C:\WINDOWS\system32\mswsock.dll
0x00007ffae1b80000 - 0x00007ffae1b96000 	C:\Users\ERTIL\.jdks\corretto-21.0.9\bin\nio.dll
0x00007ffae1b60000 - 0x00007ffae1b7a000 	C:\Program Files\JetBrains\IntelliJ IDEA 2024.3\bin\breakgen64.dll
0x00007ffb2aea0000 - 0x00007ffb2afd2000 	C:\WINDOWS\SYSTEM32\DNSAPI.dll
0x00007ffb2ae00000 - 0x00007ffb2ae32000 	C:\WINDOWS\SYSTEM32\IPHLPAPI.DLL
0x00007ffb2f980000 - 0x00007ffb2f98a000 	C:\WINDOWS\System32\NSI.dll
0x00007ffb23fc0000 - 0x00007ffb23fcb000 	C:\Windows\System32\rasadhlp.dll
0x00007ffb266a0000 - 0x00007ffb26726000 	C:\WINDOWS\System32\fwpuclnt.dll
0x00007ffb10980000 - 0x00007ffb1098a000 	C:\Users\ERTIL\.jdks\corretto-21.0.9\bin\management.dll
0x00007ffb10d30000 - 0x00007ffb10d39000 	C:\Users\ERTIL\.jdks\corretto-21.0.9\bin\extnet.dll
0x00007ffb04be0000 - 0x00007ffb04bec000 	C:\Users\ERTIL\.jdks\corretto-21.0.9\bin\management_ext.dll
0x00007ffb2f960000 - 0x00007ffb2f968000 	C:\WINDOWS\System32\PSAPI.DLL

JVMTI agents:
C:\Program Files\JetBrains\IntelliJ IDEA 2024.3\lib\idea_rt.jar path:C:\Users\ERTIL\.jdks\corretto-21.0.9\bin\instrument.dll, loaded, initialized, instrumentlib options:63255:C:\Program Files\JetBrains\IntelliJ IDEA 2024.3\bin

dbghelp: loaded successfully - version: 4.0.5 - missing functions: none
symbol engine: initialized successfully - sym options: 0x614 - pdb path: .;C:\Users\ERTIL\.jdks\corretto-21.0.9\bin;C:\WINDOWS\SYSTEM32;C:\WINDOWS\WinSxS\amd64_microsoft.windows.common-controls_6595b64144ccf1df_6.0.26100.8457_none_3e0b2faee331e92d;C:\Users\ERTIL\.jdks\corretto-21.0.9\bin\server;C:\Program Files\JetBrains\IntelliJ IDEA 2024.3\bin

VM Arguments:
jvm_args: -XX:TieredStopAtLevel=1 -Dspring.output.ansi.enabled=always -Dcom.sun.management.jmxremote -Dspring.jmx.enabled=true -Dspring.liveBeansView.mbeanDomain -Dspring.application.admin.enabled=true -Dmanagement.endpoints.jmx.exposure.include=* -javaagent:C:\Program Files\JetBrains\IntelliJ IDEA 2024.3\lib\idea_rt.jar=63255:C:\Program Files\JetBrains\IntelliJ IDEA 2024.3\bin -Dfile.encoding=UTF-8 -Dsun.stdout.encoding=UTF-8 -Dsun.stderr.encoding=UTF-8 
java_command: com.pfa.fairseatdiscovery.FairseatDiscoveryApplication
java_class_path (initial): C:\Users\ERTIL\Documents\Projects\FairSeat\fairseat-backend\fairseat-discovery\target\classes;C:\Users\ERTIL\.m2\repository\org\springframework\boot\spring-boot-starter-data-jpa\3.2.5\spring-boot-starter-data-jpa-3.2.5.jar;C:\Users\ERTIL\.m2\repository\org\springframework\boot\spring-boot-starter-aop\3.2.5\spring-boot-starter-aop-3.2.5.jar;C:\Users\ERTIL\.m2\repository\org\springframework\spring-aop\6.1.6\spring-aop-6.1.6.jar;C:\Users\ERTIL\.m2\repository\org\aspectj\aspectjweaver\1.9.22\aspectjweaver-1.9.22.jar;C:\Users\ERTIL\.m2\repository\org\springframework\boot\spring-boot-starter-jdbc\3.2.5\spring-boot-starter-jdbc-3.2.5.jar;C:\Users\ERTIL\.m2\repository\com\zaxxer\HikariCP\5.0.1\HikariCP-5.0.1.jar;C:\Users\ERTIL\.m2\repository\org\springframework\spring-jdbc\6.1.6\spring-jdbc-6.1.6.jar;C:\Users\ERTIL\.m2\repository\org\hibernate\orm\hibernate-core\6.4.4.Final\hibernate-core-6.4.4.Final.jar;C:\Users\ERTIL\.m2\repository\jakarta\persistence\jakarta.persistence-api\3.1.0\jakarta.persistence-api-3.1.0.jar;C:\Users\ERTIL\.m2\repository\jakarta\transaction\jakarta.transaction-api\2.0.1\jakarta.transaction-api-2.0.1.jar;C:\Users\ERTIL\.m2\repository\org\jboss\logging\jboss-logging\3.5.3.Final\jboss-logging-3.5.3.Final.jar;C:\Users\ERTIL\.m2\repository\org\hibernate\common\hibernate-commons-annotations\6.0.6.Final\hibernate-commons-annotations-6.0.6.Final.jar;C:\Users\ERTIL\.m2\repository\io\smallrye\jandex\3.1.2\jandex-3.1.2.jar;C:\Users\ERTIL\.m2\repository\com\fasterxml\classmate\1.6.0\classmate-1.6.0.jar;C:\Users\ERTIL\.m2\repository\net\bytebuddy\byte-buddy\1.14.13\byte-buddy-1.14.13.jar;C:\Users\ERTIL\.m2\repository\org\glassfish\jaxb\jaxb-runtime\4.0.5\jaxb-runtime-4.0.5.jar;C:\Users\ERTIL\.m2\repository\org\glassfish\jaxb\jaxb-core\4.0.5\jaxb-core-4.0.5.jar;C:\Users\ERTIL\.m2\repository\org\eclipse\angus\angus-activation\2.0.2\angus-activation-2.0.2.jar;C:\Users\ERTIL\.m2\repository\org\glassfish\jaxb\txw2\4.0.5\txw2-4.0.5.jar;C:\Users\ERTIL\.m2\repository\com\sun\istack\istack-commons-runtime\4.1.2\istack-commons-runtime-4.1.2.jar;C:\Users\ERTIL\.m2\repository\jakarta\inject\jakarta.inject-api\2.0.1\jakarta.inject-api-2.0.1.jar;C:\Users\ERTIL\.m2\repository\org\antlr\antlr4-runtime\4.13.0\antlr4-runtime-4.13.0.jar;C:\Users\ERTIL\.m2\repository\org\springframework\data\spring-data-jpa\3.2.5\spring-data-jpa-3.2.5.jar;C:\Users\ERTIL\.m2\repository\org\springframework\data\spring-data-commons\3.2.5\spring-data-commons-3.2.5.jar;C:\Users\ERTIL\.m2\repository\org\springframework\spring-orm\6.1.6\spring-orm-6.1.6.jar;C:\Users\ERTIL\.m2\repository\org\springframework\spring-context\6.1.6\spring-context-6.1.6.jar;C:\Users\ERTIL\.m2\repository\org\springframework\spring-tx\6.1.6\spring-tx-6.1.6.jar;C:\Users\ERTIL\.m2\repository\org\springframework\spring-beans\6.1.6\spring-beans-6.1.6.jar;C:\Users\ERTIL\.m2\repository\jakarta\annotation\jakarta.annotation-api\2.1.1\jakarta.annotation-api-2.1.1.jar;C:\Users\ERTIL\.m2\repository\org\slf4j\slf4j-api\2.0.13\slf4j-api-2.0.13.jar;C:\Users\ERTIL\.m2\repository\org\springframework\spring-aspects\6.1.6\spring-aspects-6.1.6.jar;C:\Users\ERTIL\.m2\repository\org\springframework\boot\spring-boot-starter-web\3.2.5\spring-boot-starter-web-3.2.5.jar;C:\Users\ERTIL\.m2\repository\org\springframework\boot\spring-boot-starter\3.2.5\spring-boot-starter-3.2.5.jar;C:\Users\ERTIL\.m2\repository\org\springframework\boot\spring-boot\3.2.5\spring-boot-3.2.5.jar;C:\Users\ERTIL\.m2\repository\org\springframework\boot\spring-boot-autoconfigure\3.2.5\spring-boot-autoconfigure-3.2.5.jar;C:\Users\ERTIL\.m2\repository\org\springframework\boot\spring-boot-starter-logging\3.2.5\spring-boot-starter-logging-3.2.5.jar;C:\Users\ERTIL\.m2\repository\ch\qos\logback\logback-classic\1.4.14\logback-classic-1.4.14.jar;C:\Users\ERTIL\.m2\repository\ch\qos\logback\logback-core\1.4.14\logback-core-1.4.14.jar;C:\Users\ERTIL\.m2\repository\org\apache\logging\log4j\log4j-to-slf4j\2.21.1\log4j-to-slf4j-2.21.1.jar;C:\Users\ERTIL\.m2\repository\org\apache\logging\log4j\log4j-api\2.21.1\log4j-api-2.21.1.jar;C:\Users\ERTIL\.m2\repository\org\slf4j\jul-to-slf4j\2.0.13\jul-to-slf4j-2.0.13.jar;C:\Users\ERTIL\.m2\repository\org\yaml\snakeyaml\2.2\snakeyaml-2.2.jar;C:\Users\ERTIL\.m2\repository\org\springframework\boot\spring-boot-starter-json\3.2.5\spring-boot-starter-json-3.2.5.jar;C:\Users\ERTIL\.m2\repository\com\fasterxml\jackson\core\jackson-databind\2.15.4\jackson-databind-2.15.4.jar;C:\Users\ERTIL\.m2\repository\com\fasterxml\jackson\core\jackson-annotations\2.15.4\jackson-annotations-2.15.4.jar;C:\Users\ERTIL\.m2\repository\com\fasterxml\jackson\core\jackson-core\2.15.4\jackson-core-2.15.4.jar;C:\Users\ERTIL\.m2\repository\com\fasterxml\jackson\datatype\jackson-datatype-jdk8\2.15.4\jackson-datatype-jdk8-2.15.4.jar;C:\Users\ERTIL\.m2\repository\com\fasterxml\jackson\datatype\jackson-datatype-jsr310\2.15.4\jackson-datatype-jsr310-2.15.4.jar;C:\Users\ERTIL\.m2\repository\com\fasterxml\jackson\module\jackson-module-parameter-names\2.15.4\jackson-module-parameter-names-2.15.4.jar;C:\Users\ERTIL\.m2\repository\org\springframework\boot\spring-boot-starter-tomcat\3.2.5\spring-boot-starter-tomcat-3.2.5.jar;C:\Users\ERTIL\.m2\repository\org\apache\tomcat\embed\tomcat-embed-core\10.1.20\tomcat-embed-core-10.1.20.jar;C:\Users\ERTIL\.m2\repository\org\apache\tomcat\embed\tomcat-embed-el\10.1.20\tomcat-embed-el-10.1.20.jar;C:\Users\ERTIL\.m2\repository\org\apache\tomcat\embed\tomcat-embed-websocket\10.1.20\tomcat-embed-websocket-10.1.20.jar;C:\Users\ERTIL\.m2\repository\org\springframework\spring-web\6.1.6\spring-web-6.1.6.jar;C:\Users\ERTIL\.m2\repository\io\micrometer\micrometer-observation\1.12.5\micrometer-observation-1.12.5.jar;C:\Users\ERTIL\.m2\repository\io\micrometer\micrometer-commons\1.12.5\micrometer-commons-1.12.5.jar;C:\Users\ERTIL\.m2\repository\org\springframework\spring-webmvc\6.1.6\spring-webmvc-6.1.6.jar;C:\Users\ERTIL\.m2\repository\org\springframework\spring-expression\6.1.6\spring-expression-6.1.6.jar;C:\Users\ERTIL\.m2\repository\org\postgresql\postgresql\42.6.2\postgresql-42.6.2.jar;C:\Users\ERTIL\.m2\repository\org\checkerframework\checker-qual\3.31.0\checker-qual-3.31.0.jar;C:\Users\ERTIL\.m2\repository\org\projectlombok\lombok\1.18.32\lombok-1.18.32.jar;C:\Users\ERTIL\.m2\repository\jakarta\xml\bind\jakarta.xml.bind-api\4.0.2\jakarta.xml.bind-api-4.0.2.jar;C:\Users\ERTIL\.m2\repository\jakarta\activation\jakarta.activation-api\2.1.3\jakarta.activation-api-2.1.3.jar;C:\Users\ERTIL\.m2\repository\org\springframework\spring-core\6.1.6\spring-core-6.1.6.jar;C:\Users\ERTIL\.m2\repository\org\springframework\spring-jcl\6.1.6\spring-jcl-6.1.6.jar;C:\Users\ERTIL\.m2\repository\org\springframework\boot\spring-boot-starter-data-redis\3.2.5\spring-boot-starter-data-redis-3.2.5.jar;C:\Users\ERTIL\.m2\repository\io\lettuce\lettuce-core\6.3.2.RELEASE\lettuce-core-6.3.2.RELEASE.jar;C:\Users\ERTIL\.m2\repository\io\netty\netty-common\4.1.109.Final\netty-common-4.1.109.Final.jar;C:\Users\ERTIL\.m2\repository\io\netty\netty-handler\4.1.109.Final\netty-handler-4.1.109.Final.jar;C:\Users\ERTIL\.m2\repository\io\netty\netty-resolver\4.1.109.Final\netty-resolver-4.1.109.Final.jar;C:\Users\ERTIL\.m2\repository\io\netty\netty-buffer\4.1.109.Final\netty-buffer-4.1.109.Final.jar;C:\Users\ERTIL\.m2\repository\io\netty\netty-transport-native-unix-common\4.1.109.Final\netty-transport-native-unix-common-4.1.109.Final.jar;C:\Users\ERTIL\.m2\repository\io\netty\netty-codec\4.1.109.Final\netty-codec-4.1.109.Final.jar;C:\Users\ERTIL\.m2\repository\io\netty\netty-transport\4.1.109.Final\netty-transport-4.1.109.Final.jar;C:\Users\ERTIL\.m2\repository\io\projectreactor\reactor-core\3.6.5\reactor-core-3.6.5.jar;C:\Users\ERTIL\.m2\repository\org\reactivestreams\reactive-streams\1.0.4\reactive-streams-1.0.4.jar;C:\Users\ERTIL\.m2\repository\org\springframework\data\spring-data-redis\3.2.5\spring-data-redis-3.2.5.jar;C:\Users\ERTIL\.m2\repository\org\springframework\data\spring-data-keyvalue\3.2.5\spring-data-keyvalue-3.2.5.jar;C:\Users\ERTIL\.m2\repository\org\springframework\spring-oxm\6.1.6\spring-oxm-6.1.6.jar;C:\Users\ERTIL\.m2\repository\org\springframework\spring-context-support\6.1.6\spring-context-support-6.1.6.jar
Launcher Type: SUN_STANDARD

[Global flags]
     intx CICompilerCount                          = 4                                         {product} {ergonomic}
     uint ConcGCThreads                            = 2                                         {product} {ergonomic}
     uint G1ConcRefinementThreads                  = 8                                         {product} {ergonomic}
   size_t G1HeapRegionSize                         = 2097152                                   {product} {ergonomic}
    uintx GCDrainStackTargetSize                   = 64                                        {product} {ergonomic}
   size_t InitialHeapSize                          = 264241152                                 {product} {ergonomic}
     bool ManagementServer                         = true                                      {product} {command line}
   size_t MarkStackSize                            = 4194304                                   {product} {ergonomic}
   size_t MaxHeapSize                              = 4223664128                                {product} {ergonomic}
   size_t MaxNewSize                               = 2533359616                                {product} {ergonomic}
   size_t MinHeapDeltaBytes                        = 2097152                                   {product} {ergonomic}
   size_t MinHeapSize                              = 8388608                                   {product} {ergonomic}
    uintx NonNMethodCodeHeapSize                   = 4096                                   {pd product} {ergonomic}
    uintx NonProfiledCodeHeapSize                  = 0                                      {pd product} {ergonomic}
     bool ProfileInterpreter                       = false                                  {pd product} {command line}
    uintx ProfiledCodeHeapSize                     = 0                                      {pd product} {ergonomic}
   size_t SoftMaxHeapSize                          = 4223664128                             {manageable} {ergonomic}
     intx TieredStopAtLevel                        = 1                                         {product} {command line}
     bool UseCompressedOops                        = true                           {product lp64_product} {ergonomic}
     bool UseG1GC                                  = true                                      {product} {ergonomic}
     bool UseLargePagesIndividualAllocation        = false                                  {pd product} {ergonomic}

Logging:
Log output configuration:
 #0: stdout all=warning uptime,level,tags foldmultilines=false
 #1: stderr all=off uptime,level,tags foldmultilines=false

Release file:
<release file has not been read>
Environment Variables:
JAVA_HOME=C:\Program Files\Java\jdk-21
PATH=C:\Program Files\Common Files\Oracle\Java\javapath;C:\Program Files\Java\jdk-17\bin;C:\Program Files (x86)\Common Files\Oracle\Java\javapath;C:\Program Files (x86)\VMware\VMware Workstation\bin\;C:\WINDOWS\system32;C:\WINDOWS;C:\WINDOWS\System32\Wbem;C:\WINDOWS\System32\WindowsPowerShell\v1.0\;C:\Program Files\dotnet\;C:\WINDOWS\System32\OpenSSH\;C:\Program Files\Git\cmd;C:\Program Files\Docker\Docker\resources\bin;C:\Program Files\nodejs\;C:\Program Files (x86)\Microsoft SQL Server\160\Tools\Binn\;C:\Program Files\Microsoft SQL Server\160\Tools\Binn\;C:\Program Files\Microsoft SQL Server\Client SDK\ODBC\170\Tools\Binn\;C:\Program Files\Microsoft SQL Server\160\DTS\Binn\;C:\Program Files\Microsoft SQL Server\170\Tools\Binn\;C:\Program Files (x86)\Microsoft SQL Server\160\DTS\Binn\;C:\Program Files\Microsoft SQL Server\170\DTS\Binn\;C:\ProgramData\chocolatey\bin;C:\Users\ERTIL\AppData\Local\Programs\Python\Python310\Scripts\;C:\Users\ERTIL\AppData\Local\Programs\Python\Python310\;C:\Users\ERTIL\AppData\Local\Programs\Python310\Launcher\;C:\Users\ERTIL\AppData\Local\Microsoft\WindowsApps;C:\Users\ERTIL\AppData\Local\Programs\Microsoft VS Code\bin;C:\Users\ERTIL\.dotnet\tools;C:\Users\ERTIL\Documents\msys2\ucrt64\bin;C:\Users\ERTIL\AppData\Roaming\npm
USERNAME=ERTIL
OS=Windows_NT
PROCESSOR_IDENTIFIER=Intel64 Family 6 Model 140 Stepping 1, GenuineIntel
TMP=C:\Users\ERTIL\AppData\Local\Temp
TEMP=C:\Users\ERTIL\AppData\Local\Temp




Periodic native trim disabled

---------------  S Y S T E M  ---------------

OS:
 Windows 11 , 64 bit Build 26100 (10.0.26100.8328)
OS uptime: 0 days 13:16 hours
Hyper-V role detected

CPU: total 8 (initial active 8) (4 cores per cpu, 2 threads per core) family 6 model 140 stepping 1 microcode 0xbe, cx8, cmov, fxsr, ht, mmx, 3dnowpref, sse, sse2, sse3, ssse3, sse4.1, sse4.2, popcnt, lzcnt, tsc, tscinvbit, avx, avx2, aes, erms, clmul, bmi1, bmi2, adx, avx512f, avx512dq, avx512cd, avx512bw, avx512vl, sha, fma, vzeroupper, avx512_vpopcntdq, avx512_vpclmulqdq, avx512_vaes, avx512_vnni, clflush, clflushopt, clwb, avx512_vbmi2, avx512_vbmi, hv, rdtscp, rdpid, fsrm, gfni, avx512_bitalg, f16c, cet_ibt, cet_ss, avx512_ifma
Processor Information for the first 8 processors :
  Max Mhz: 2803, Current Mhz: 2803, Mhz Limit: 2803

Memory: 4k page, system-wide physical 16106M (1216M free)
TotalPageFile size 26728M (AvailPageFile size 25M)
current process WorkingSet (physical memory assigned to process): 60M, peak: 60M
current process commit charge ("private bytes"): 342M, peak: 342M

vm_info: OpenJDK 64-Bit Server VM (21.0.9+10-LTS) for windows-amd64 JRE (21.0.9+10-LTS), built on 2025-10-16T09:41:28Z by "Administrator" with unknown MS VC++:1944

END.
